{
  "RSpec": {
    "coverage": {
      "/home/yndajas/tic-tac-toe-rb-online-web-sp-000/lib/tic_tac_toe.rb": [
        null,
        1,
        null,
        null,
        null,
        null,
        null,
        null,
        null,
        null,
        null,
        1,
        2,
        2,
        2,
        2,
        2,
        null,
        null,
        1,
        6,
        null,
        null,
        1,
        3,
        null,
        null,
        1,
        8,
        null,
        null,
        1,
        6,
        null,
        null,
        1,
        3,
        3,
        3,
        3,
        2,
        0,
        null,
        1,
        1,
        null,
        null,
        null,
        1,
        20,
        null,
        null,
        1,
        1,
        null,
        null,
        1,
        13,
        246,
        5,
        201,
        2,
        null,
        null,
        6,
        null,
        null,
        1,
        59,
        null,
        null,
        1,
        7,
        null,
        null,
        1,
        3,
        null,
        null,
        1,
        3,
        2,
        null,
        null,
        null,
        1,
        0,
        0,
        0,
        0,
        null,
        null
      ]
    },
    "timestamp": 1593489192
  }
}
